<?xml version="1.0" encoding="UTF-8"?>
<!-- Generated by org.testng.reporters.JUnitReportReporter -->
<testsuite name="applications.Timestamps_Upload" tests="1" time="79.921" ignored="0" failures="0" timestamp="22 Sep 2020 16:24:22 GMT" skipped="0" hostname="USRMVBO1-L" errors="0">
  <testcase name="upload" time="79.921" classname="applications.Timestamps_Upload"/>
</testsuite> <!-- applications.Timestamps_Upload -->
