<?xml version="1.0" encoding="UTF-8"?>
<!-- Generated by org.testng.reporters.JUnitReportReporter -->
<testsuite name="applications.Timestamps_Login" tests="1" time="786.963" ignored="0" failures="0" timestamp="22 Sep 2020 16:25:08 GMT" skipped="0" hostname="USRMVBO1-L" errors="0">
  <testcase name="test" time="786.963" classname="applications.Timestamps_Login"/>
</testsuite> <!-- applications.Timestamps_Login -->
