<?xml version="1.0" encoding="UTF-8"?>
<!-- Generated by org.testng.reporters.JUnitReportReporter -->
<testsuite name="applications.Timestamps_Register" tests="1" time="96.267" ignored="0" failures="0" timestamp="22 Sep 2020 16:07:15 GMT" skipped="0" hostname="USRMVBO1-L" errors="0">
  <testcase name="register_new" time="96.267" classname="applications.Timestamps_Register"/>
</testsuite> <!-- applications.Timestamps_Register -->
